# Logfile created on 2014-06-07 14:13:17 -0700 by logger.rb/44203
I, [2014-06-07T14:13:17.522389 #2551]  INFO -- : 0:  rake (10.3.2) from /home/parallels/.rvm/gems/ruby-2.1.0/specifications/rake-10.3.2.gemspec
I, [2014-06-07T14:13:17.522906 #2551]  INFO -- : 0:  i18n (0.6.9) from /home/parallels/.rvm/gems/ruby-2.1.0/specifications/i18n-0.6.9.gemspec
E, [2014-06-07T14:13:17.523566 #2551] ERROR -- : Bundler::GemNotFound: Could not find json-1.8.1.gem for installation
/home/parallels/.rvm/gems/ruby-2.1.0@global/gems/bundler-1.5.0/lib/bundler/source/rubygems.rb:149:in `cached_gem'  \n/home/parallels/.rvm/gems/ruby-2.1.0@global/gems/bundler-1.5.0/lib/bundler/source/rubygems.rb:84:in `install'  \n/home/parallels/.rvm/gems/ruby-2.1.0@global/gems/bundler-1.5.0/lib/bundler/installer.rb:111:in `block in install_gem_from_spec'  \n/home/parallels/.rvm/gems/ruby-2.1.0@global/gems/bundler-1.5.0/lib/bundler/rubygems_integration.rb:150:in `with_build_args'  \n/home/parallels/.rvm/gems/ruby-2.1.0@global/gems/bundler-1.5.0/lib/bundler/installer.rb:110:in `install_gem_from_spec'  \n/home/parallels/.rvm/gems/ruby-2.1.0@global/gems/bundler-1.5.0/lib/bundler/installer.rb:295:in `block in install_sequentially'  \n/home/parallels/.rvm/rubies/ruby-2.1.0/lib/ruby/2.1.0/forwardable.rb:183:in `each'  \n/home/parallels/.rvm/rubies/ruby-2.1.0/lib/ruby/2.1.0/forwardable.rb:183:in `each'  \n/home/parallels/.rvm/gems/ruby-2.1.0@global/gems/bundler-1.5.0/lib/bundler/installer.rb:294:in `install_sequentially'  \n/home/parallels/.rvm/gems/ruby-2.1.0@global/gems/bundler-1.5.0/lib/bundler/installer.rb:97:in `run'  \n/home/parallels/.rvm/gems/ruby-2.1.0@global/gems/bundler-1.5.0/lib/bundler/installer.rb:15:in `install'  \n/home/parallels/.rvm/gems/ruby-2.1.0@global/gems/bundler-1.5.0/lib/bundler/cli.rb:257:in `install'  \n/home/parallels/.rvm/gems/ruby-2.1.0@global/gems/bundler-1.5.0/lib/bundler/vendor/thor/command.rb:27:in `run'  \n/home/parallels/.rvm/gems/ruby-2.1.0@global/gems/bundler-1.5.0/lib/bundler/vendor/thor/invocation.rb:120:in `invoke_command'  \n/home/parallels/.rvm/gems/ruby-2.1.0@global/gems/bundler-1.5.0/lib/bundler/vendor/thor.rb:363:in `dispatch'  \n/home/parallels/.rvm/gems/ruby-2.1.0@global/gems/bundler-1.5.0/lib/bundler/vendor/thor/base.rb:438:in `start'  \n/home/parallels/.rvm/gems/ruby-2.1.0@global/gems/bundler-1.5.0/lib/bundler/cli.rb:10:in `start'  \n/home/parallels/.rvm/gems/ruby-2.1.0@global/gems/bundler-1.5.0/bin/bundle:22:in `block in <top (required)>'  \n/home/parallels/.rvm/gems/ruby-2.1.0@global/gems/bundler-1.5.0/lib/bundler/friendly_errors.rb:5:in `with_friendly_errors'  \n/home/parallels/.rvm/gems/ruby-2.1.0@global/gems/bundler-1.5.0/bin/bundle:22:in `<top (required)>'  \n/home/parallels/.rvm/gems/ruby-2.1.0@global/bin/bundle:23:in `load'  \n/home/parallels/.rvm/gems/ruby-2.1.0@global/bin/bundle:23:in `<main>'  \n/home/parallels/.rvm/gems/ruby-2.1.0/bin/ruby_executable_hooks:15:in `eval'  \n/home/parallels/.rvm/gems/ruby-2.1.0/bin/ruby_executable_hooks:15:in `<main>'
I, [2014-06-07T14:14:23.938037 #2637]  INFO -- : 0:  rake (10.3.2) from /home/parallels/.rvm/gems/ruby-2.1.0/specifications/rake-10.3.2.gemspec
I, [2014-06-07T14:14:23.938409 #2637]  INFO -- : 0:  i18n (0.6.9) from /home/parallels/.rvm/gems/ruby-2.1.0/specifications/i18n-0.6.9.gemspec
I, [2014-06-07T14:14:24.629372 #2637]  INFO -- : 0:  json (1.8.1) from /home/parallels/.rvm/gems/ruby-2.1.0/specifications/json-1.8.1.gemspec
I, [2014-06-07T14:14:45.425846 #2637]  INFO -- : 0:  minitest (5.3.4) from /home/parallels/.rvm/gems/ruby-2.1.0/specifications/minitest-5.3.4.gemspec
I, [2014-06-07T14:15:06.256738 #2637]  INFO -- : 0:  thread_safe (0.3.4) from /home/parallels/.rvm/gems/ruby-2.1.0/specifications/thread_safe-0.3.4.gemspec
I, [2014-06-07T14:15:27.009383 #2637]  INFO -- : 0:  tzinfo (1.2.1) from /home/parallels/.rvm/gems/ruby-2.1.0/specifications/tzinfo-1.2.1.gemspec
I, [2014-06-07T14:15:47.985745 #2637]  INFO -- : 0:  activesupport (4.1.1) from /home/parallels/.rvm/gems/ruby-2.1.0/specifications/activesupport-4.1.1.gemspec
I, [2014-06-07T14:16:08.806360 #2637]  INFO -- : 0:  builder (3.2.2) from /home/parallels/.rvm/gems/ruby-2.1.0/specifications/builder-3.2.2.gemspec
I, [2014-06-07T14:16:08.806919 #2637]  INFO -- : 0:  erubis (2.7.0) from /home/parallels/.rvm/gems/ruby-2.1.0/specifications/erubis-2.7.0.gemspec
I, [2014-06-07T14:16:34.974767 #2637]  INFO -- : 0:  actionview (4.1.1) from /home/parallels/.rvm/gems/ruby-2.1.0/specifications/actionview-4.1.1.gemspec
I, [2014-06-07T14:16:34.975313 #2637]  INFO -- : 0:  rack (1.5.2) from /home/parallels/.rvm/gems/ruby-2.1.0/specifications/rack-1.5.2.gemspec
I, [2014-06-07T14:16:34.975709 #2637]  INFO -- : 0:  rack-test (0.6.2) from /home/parallels/.rvm/gems/ruby-2.1.0/specifications/rack-test-0.6.2.gemspec
I, [2014-06-07T14:16:55.965569 #2637]  INFO -- : 0:  actionpack (4.1.1) from /home/parallels/.rvm/gems/ruby-2.1.0/specifications/actionpack-4.1.1.gemspec
I, [2014-06-07T14:16:55.966048 #2637]  INFO -- : 0:  mime-types (1.25.1) from /home/parallels/.rvm/gems/ruby-2.1.0/specifications/mime-types-1.25.1.gemspec
I, [2014-06-07T14:17:16.494323 #2637]  INFO -- : 0:  polyglot (0.3.5) from /home/parallels/.rvm/gems/ruby-2.1.0/specifications/polyglot-0.3.5.gemspec
I, [2014-06-07T14:17:16.494757 #2637]  INFO -- : 0:  treetop (1.4.15) from /home/parallels/.rvm/gems/ruby-2.1.0/specifications/treetop-1.4.15.gemspec
I, [2014-06-07T14:17:16.495024 #2637]  INFO -- : 0:  mail (2.5.4) from /home/parallels/.rvm/gems/ruby-2.1.0/specifications/mail-2.5.4.gemspec
I, [2014-06-07T14:17:37.112614 #2637]  INFO -- : 0:  actionmailer (4.1.1) from /home/parallels/.rvm/gems/ruby-2.1.0/specifications/actionmailer-4.1.1.gemspec
I, [2014-06-07T14:17:57.634715 #2637]  INFO -- : 0:  activemodel (4.1.1) from /home/parallels/.rvm/gems/ruby-2.1.0/specifications/activemodel-4.1.1.gemspec
I, [2014-06-07T14:18:18.377063 #2637]  INFO -- : 0:  arel (5.0.1.20140414130214) from /home/parallels/.rvm/gems/ruby-2.1.0/specifications/arel-5.0.1.20140414130214.gemspec
I, [2014-06-07T14:18:39.295135 #2637]  INFO -- : 0:  activerecord (4.1.1) from /home/parallels/.rvm/gems/ruby-2.1.0/specifications/activerecord-4.1.1.gemspec
I, [2014-06-07T14:19:00.550234 #2637]  INFO -- : 0:  coffee-script-source (1.7.0) from /home/parallels/.rvm/gems/ruby-2.1.0/specifications/coffee-script-source-1.7.0.gemspec
I, [2014-06-07T14:19:21.148023 #2637]  INFO -- : 0:  execjs (2.1.0) from /home/parallels/.rvm/gems/ruby-2.1.0/specifications/execjs-2.1.0.gemspec
I, [2014-06-07T14:19:41.732004 #2637]  INFO -- : 0:  coffee-script (2.2.0) from /home/parallels/.rvm/gems/ruby-2.1.0/specifications/coffee-script-2.2.0.gemspec
I, [2014-06-07T14:20:02.504057 #2637]  INFO -- : 0:  thor (0.19.1) from /home/parallels/.rvm/gems/ruby-2.1.0/specifications/thor-0.19.1.gemspec
I, [2014-06-07T14:20:33.650614 #2637]  INFO -- : 0:  railties (4.1.1) from /home/parallels/.rvm/gems/ruby-2.1.0/specifications/railties-4.1.1.gemspec
I, [2014-06-07T14:20:54.379883 #2637]  INFO -- : 0:  coffee-rails (4.0.1) from /home/parallels/.rvm/gems/ruby-2.1.0/specifications/coffee-rails-4.0.1.gemspec
I, [2014-06-07T14:20:54.380472 #2637]  INFO -- : 0:  hike (1.2.3) from /home/parallels/.rvm/gems/ruby-2.1.0/specifications/hike-1.2.3.gemspec
I, [2014-06-07T14:21:15.281500 #2637]  INFO -- : 0:  multi_json (1.10.1) from /home/parallels/.rvm/gems/ruby-2.1.0/specifications/multi_json-1.10.1.gemspec
I, [2014-06-07T14:21:36.092767 #2637]  INFO -- : 0:  jbuilder (2.0.7) from /home/parallels/.rvm/gems/ruby-2.1.0/specifications/jbuilder-2.0.7.gemspec
I, [2014-06-07T14:22:02.670870 #2637]  INFO -- : 0:  jquery-rails (3.1.0) from /home/parallels/.rvm/gems/ruby-2.1.0/specifications/jquery-rails-3.1.0.gemspec
I, [2014-06-07T14:22:02.671297 #2637]  INFO -- : 0:  bundler (1.5.0) from /home/parallels/.rvm/gems/ruby-2.1.0@global/specifications/bundler-1.5.0.gemspec
I, [2014-06-07T14:22:02.671903 #2637]  INFO -- : 0:  tilt (1.4.1) from /home/parallels/.rvm/gems/ruby-2.1.0/specifications/tilt-1.4.1.gemspec
I, [2014-06-07T14:22:02.672323 #2637]  INFO -- : 0:  sprockets (2.11.0) from /home/parallels/.rvm/gems/ruby-2.1.0/specifications/sprockets-2.11.0.gemspec
I, [2014-06-07T14:22:40.226413 #2637]  INFO -- : 0:  sprockets-rails (2.1.3) from /home/parallels/.rvm/gems/ruby-2.1.0/specifications/sprockets-rails-2.1.3.gemspec
I, [2014-06-07T14:23:02.323786 #2637]  INFO -- : 0:  rails (4.1.1) from /home/parallels/.rvm/gems/ruby-2.1.0/specifications/rails-4.1.1.gemspec
I, [2014-06-07T14:23:23.554101 #2637]  INFO -- : 0:  rdoc (4.1.1) from /home/parallels/.rvm/gems/ruby-2.1.0/specifications/rdoc-4.1.1.gemspec
I, [2014-06-07T14:23:54.798452 #2637]  INFO -- : 0:  sass (3.2.19) from /home/parallels/.rvm/gems/ruby-2.1.0/specifications/sass-3.2.19.gemspec
I, [2014-06-07T14:24:15.783446 #2637]  INFO -- : 0:  sass-rails (4.0.3) from /home/parallels/.rvm/gems/ruby-2.1.0/specifications/sass-rails-4.0.3.gemspec
I, [2014-06-07T14:24:36.757410 #2637]  INFO -- : 0:  sdoc (0.4.0) from /home/parallels/.rvm/gems/ruby-2.1.0/specifications/sdoc-0.4.0.gemspec
I, [2014-06-07T14:24:57.476162 #2637]  INFO -- : 0:  spring (1.1.3) from /home/parallels/.rvm/gems/ruby-2.1.0/specifications/spring-1.1.3.gemspec
I, [2014-06-07T14:25:19.940611 #2637]  INFO -- : 0:  sqlite3 (1.3.9) from /home/parallels/.rvm/gems/ruby-2.1.0/specifications/sqlite3-1.3.9.gemspec
I, [2014-06-07T14:25:40.492339 #2637]  INFO -- : 0:  turbolinks (2.2.2) from /home/parallels/.rvm/gems/ruby-2.1.0/specifications/turbolinks-2.2.2.gemspec
I, [2014-06-07T14:26:01.168012 #2637]  INFO -- : 0:  uglifier (2.5.0) from /home/parallels/.rvm/gems/ruby-2.1.0/specifications/uglifier-2.5.0.gemspec
